<?xml version="1.0" encoding="UTF-8" ?>
<testsuite tests="4" failures="0" name="CodingChallengeTest" time="0.001" errors="0" skipped="0">
  <properties>
[...]
</properties>
  <testcase classname="CodingChallengeTest" name="codingChalMuliplier2" time="0"/>
  <testcase classname="CodingChallengeTest" name="codingChalMuliplier3" time="0"/>
  <testcase classname="CodingChallengeTest" name="codingChalMuliplier4" time="0.001"/>
  <testcase classname="CodingChallengeTest" name="codingChalMuliplier" time="0"/>
</testsuite>